Determining if the pthread_create exist failed with the following output:
Change Dir: /home/nate/workspace/yamlparser/build/CMakeFiles/CMakeTmp

Run Build Command:/usr/bin/make "cmTryCompileExec1150070486/fast"
/usr/bin/make -f CMakeFiles/cmTryCompileExec1150070486.dir/build.make CMakeFiles/cmTryCompileExec1150070486.dir/build
make[1]: Entering directory `/home/nate/workspace/yamlparser/build/CMakeFiles/CMakeTmp'
/usr/bin/cmake -E cmake_progress_report /home/nate/workspace/yamlparser/build/CMakeFiles/CMakeTmp/CMakeFiles 1
Building C object CMakeFiles/cmTryCompileExec1150070486.dir/CheckSymbolExists.c.o
/usr/bin/cc    -o CMakeFiles/cmTryCompileExec1150070486.dir/CheckSymbolExists.c.o   -c /home/nate/workspace/yamlparser/build/CMakeFiles/CMakeTmp/CheckSymbolExists.c
Linking C executable cmTryCompileExec1150070486
/usr/bin/cmake -E cmake_link_script CMakeFiles/cmTryCompileExec1150070486.dir/link.txt --verbose=1
/usr/bin/cc       CMakeFiles/cmTryCompileExec1150070486.dir/CheckSymbolExists.c.o  -o cmTryCompileExec1150070486 -rdynamic 
CMakeFiles/cmTryCompileExec1150070486.dir/CheckSymbolExists.c.o: In function `main':
CheckSymbolExists.c:(.text+0x16): undefined reference to `pthread_create'
collect2: error: ld returned 1 exit status
make[1]: *** [cmTryCompileExec1150070486] Error 1
make[1]: Leaving directory `/home/nate/workspace/yamlparser/build/CMakeFiles/CMakeTmp'
make: *** [cmTryCompileExec1150070486/fast] Error 2

File /home/nate/workspace/yamlparser/build/CMakeFiles/CMakeTmp/CheckSymbolExists.c:
/* */
#include <pthread.h>

int main(int argc, char** argv)
{
  (void)argv;
#ifndef pthread_create
  return ((int*)(&pthread_create))[argc];
#else
  (void)argc;
  return 0;
#endif
}

Determining if the function pthread_create exists in the pthreads failed with the following output:
Change Dir: /home/nate/workspace/yamlparser/build/CMakeFiles/CMakeTmp

Run Build Command:/usr/bin/make "cmTryCompileExec3407147312/fast"
/usr/bin/make -f CMakeFiles/cmTryCompileExec3407147312.dir/build.make CMakeFiles/cmTryCompileExec3407147312.dir/build
make[1]: Entering directory `/home/nate/workspace/yamlparser/build/CMakeFiles/CMakeTmp'
/usr/bin/cmake -E cmake_progress_report /home/nate/workspace/yamlparser/build/CMakeFiles/CMakeTmp/CMakeFiles 1
Building C object CMakeFiles/cmTryCompileExec3407147312.dir/CheckFunctionExists.c.o
/usr/bin/cc   -DCHECK_FUNCTION_EXISTS=pthread_create   -o CMakeFiles/cmTryCompileExec3407147312.dir/CheckFunctionExists.c.o   -c /usr/share/cmake-2.8/Modules/CheckFunctionExists.c
Linking C executable cmTryCompileExec3407147312
/usr/bin/cmake -E cmake_link_script CMakeFiles/cmTryCompileExec3407147312.dir/link.txt --verbose=1
/usr/bin/cc   -DCHECK_FUNCTION_EXISTS=pthread_create    CMakeFiles/cmTryCompileExec3407147312.dir/CheckFunctionExists.c.o  -o cmTryCompileExec3407147312 -rdynamic -lpthreads 
/usr/bin/ld: cannot find -lpthreads
collect2: error: ld returned 1 exit status
make[1]: *** [cmTryCompileExec3407147312] Error 1
make[1]: Leaving directory `/home/nate/workspace/yamlparser/build/CMakeFiles/CMakeTmp'
make: *** [cmTryCompileExec3407147312/fast] Error 2


